2015-03-25 10:02:23.587 field[8986:487841] DiskCookieStorage changing policy from 2 to 0, cookie file: file:///Users/baiqunwei/Library/Developer/CoreSimulator/Devices/B79E92F8-6651-4620-B348-75739FD9DFD7/data/Containers/Data/Application/EDB52BB2-B5E8-4E2D-AB60-314682F4255B/Library/Cookies/Cookies.binarycookies
2015-03-25 10:02:23.808 field[8986:487841] Apache Cordova native platform version 3.8.0 is starting.
2015-03-25 10:02:23.809 field[8986:487841] Multi-tasking -> Device: YES, App: YES
2015-03-25 10:02:23.821 field[8986:487841] Unlimited access to network resources
2015-03-25 10:02:24.251 field[8986:487841] [CDVTimer][keyboard] 0.069022ms
2015-03-25 10:02:24.252 field[8986:487841] [CDVTimer][TotalPluginStartup] 0.258982ms
2015-03-25 10:02:24.481 field[8986:487841] Resetting plugins due to page load.
2015-03-25 10:02:24.779 field[8986:487841] Finished load of: file:///Users/baiqunwei/Library/Developer/CoreSimulator/Devices/B79E92F8-6651-4620-B348-75739FD9DFD7/data/Containers/Bundle/Application/65B1CFA6-E24A-4310-8C31-11D7AFAA3E0B/field.app/www/index.html#/field/login
2015-03-25 15:36:37.390 field[9621:590774] DiskCookieStorage changing policy from 2 to 0, cookie file: file:///Users/baiqunwei/Library/Developer/CoreSimulator/Devices/B79E92F8-6651-4620-B348-75739FD9DFD7/data/Containers/Data/Application/82208E51-7EF1-4B30-8889-6C7EEC5855C8/Library/Cookies/Cookies.binarycookies
2015-03-25 15:36:37.644 field[9621:590774] Apache Cordova native platform version 3.8.0 is starting.
2015-03-25 15:36:37.645 field[9621:590774] Multi-tasking -> Device: YES, App: YES
2015-03-25 15:36:37.658 field[9621:590774] Unlimited access to network resources
2015-03-25 15:36:38.080 field[9621:590774] [CDVTimer][keyboard] 0.065029ms
2015-03-25 15:36:38.080 field[9621:590774] [CDVTimer][TotalPluginStartup] 0.259042ms
2015-03-25 15:36:38.406 field[9621:590774] Resetting plugins due to page load.
2015-03-25 15:36:38.717 field[9621:590774] Finished load of: file:///Users/baiqunwei/Library/Developer/CoreSimulator/Devices/B79E92F8-6651-4620-B348-75739FD9DFD7/data/Containers/Bundle/Application/A4DB9198-751E-4C07-B3FF-1B586978C17D/field.app/www/index.html#/field/login
2015-03-26 10:36:51.469 field[9621:667177] Terminating since there is no system app.
2015-03-26 15:26:35.097 field[11100:710634] DiskCookieStorage changing policy from 2 to 0, cookie file: file:///Users/baiqunwei/Library/Developer/CoreSimulator/Devices/B79E92F8-6651-4620-B348-75739FD9DFD7/data/Containers/Data/Application/15833AB4-F7D3-4BF1-80C6-1F57C352F9AF/Library/Cookies/Cookies.binarycookies
2015-03-26 15:26:35.301 field[11100:710634] Apache Cordova native platform version 3.8.0 is starting.
2015-03-26 15:26:35.302 field[11100:710634] Multi-tasking -> Device: YES, App: YES
2015-03-26 15:26:35.314 field[11100:710634] Unlimited access to network resources
2015-03-26 15:26:35.711 field[11100:710634] [CDVTimer][keyboard] 0.060976ms
2015-03-26 15:26:35.711 field[11100:710634] [CDVTimer][TotalPluginStartup] 0.257969ms
2015-03-26 15:26:35.993 field[11100:710634] Resetting plugins due to page load.
2015-03-26 15:26:36.281 field[11100:710634] Finished load of: file:///Users/baiqunwei/Library/Developer/CoreSimulator/Devices/B79E92F8-6651-4620-B348-75739FD9DFD7/data/Containers/Bundle/Application/84399E70-7A66-41F2-9088-98967FC01E89/field.app/www/index.html#/field/login
2015-03-27 15:50:27.479 field[14863:868269] DiskCookieStorage changing policy from 2 to 0, cookie file: file:///Users/baiqunwei/Library/Developer/CoreSimulator/Devices/B79E92F8-6651-4620-B348-75739FD9DFD7/data/Containers/Data/Application/BE0DBB23-53C6-456B-ADD6-831FD11A1CC5/Library/Cookies/Cookies.binarycookies
2015-03-27 15:50:27.740 field[14863:868269] Apache Cordova native platform version 3.8.0 is starting.
2015-03-27 15:50:27.740 field[14863:868269] Multi-tasking -> Device: YES, App: YES
2015-03-27 15:50:27.752 field[14863:868269] Unlimited access to network resources
2015-03-27 15:50:28.160 field[14863:868269] [CDVTimer][keyboard] 0.081003ms
2015-03-27 15:50:28.160 field[14863:868269] [CDVTimer][TotalPluginStartup] 0.306010ms
2015-03-27 15:50:28.396 field[14863:868269] Resetting plugins due to page load.
2015-03-27 15:50:28.858 field[14863:868269] Finished load of: file:///Users/baiqunwei/Library/Developer/CoreSimulator/Devices/B79E92F8-6651-4620-B348-75739FD9DFD7/data/Containers/Bundle/Application/EFEBE88D-3496-426C-9DE8-AC5CAD2D5CBD/field.app/www/index.html#/field/login
